<?xml version="1.0" encoding="UTF-8"?>
<testsuite name="com.example.recipes.RecipesApplicationTests" tests="1" skipped="0" failures="0" errors="0" timestamp="2022-01-07T12:15:07" hostname="apolo" time="0.077">
  <properties/>
  <testcase name="contextLoads()" classname="com.example.recipes.RecipesApplicationTests" time="0.077"/>
  <system-out><![CDATA[13:15:03.103 [Test worker] DEBUG org.springframework.test.context.BootstrapUtils - Instantiating CacheAwareContextLoaderDelegate from class [org.springframework.test.context.cache.DefaultCacheAwareContextLoaderDelegate]
13:15:03.112 [Test worker] DEBUG org.springframework.test.context.BootstrapUtils - Instantiating BootstrapContext using constructor [public org.springframework.test.context.support.DefaultBootstrapContext(java.lang.Class,org.springframework.test.context.CacheAwareContextLoaderDelegate)]
13:15:03.148 [Test worker] DEBUG org.springframework.test.context.BootstrapUtils - Instantiating TestContextBootstrapper for test class [com.example.recipes.RecipesApplicationTests] from class [org.springframework.boot.test.context.SpringBootTestContextBootstrapper]
13:15:03.156 [Test worker] INFO org.springframework.boot.test.context.SpringBootTestContextBootstrapper - Neither @ContextConfiguration nor @ContextHierarchy found for test class [com.example.recipes.RecipesApplicationTests], using SpringBootContextLoader
13:15:03.159 [Test worker] DEBUG org.springframework.test.context.support.AbstractContextLoader - Did not detect default resource location for test class [com.example.recipes.RecipesApplicationTests]: class path resource [com/example/recipes/RecipesApplicationTests-context.xml] does not exist
13:15:03.160 [Test worker] DEBUG org.springframework.test.context.support.AbstractContextLoader - Did not detect default resource location for test class [com.example.recipes.RecipesApplicationTests]: class path resource [com/example/recipes/RecipesApplicationTestsContext.groovy] does not exist
13:15:03.160 [Test worker] INFO org.springframework.test.context.support.AbstractContextLoader - Could not detect default resource locations for test class [com.example.recipes.RecipesApplicationTests]: no resource found for suffixes {-context.xml, Context.groovy}.
13:15:03.161 [Test worker] INFO org.springframework.test.context.support.AnnotationConfigContextLoaderUtils - Could not detect default configuration classes for test class [com.example.recipes.RecipesApplicationTests]: RecipesApplicationTests does not declare any static, non-private, non-final, nested classes annotated with @Configuration.
13:15:03.195 [Test worker] DEBUG org.springframework.test.context.support.ActiveProfilesUtils - Could not find an 'annotation declaring class' for annotation type [org.springframework.test.context.ActiveProfiles] and class [com.example.recipes.RecipesApplicationTests]
13:15:03.239 [Test worker] DEBUG org.springframework.context.annotation.ClassPathScanningCandidateComponentProvider - Identified candidate component class: file [/home/javier/proyectos/github/tutoriales/spring-jpa-graphql-ejemplo-javier/recipes/build/classes/java/main/com/example/recipes/RecipesApplication.class]
13:15:03.240 [Test worker] INFO org.springframework.boot.test.context.SpringBootTestContextBootstrapper - Found @SpringBootConfiguration com.example.recipes.RecipesApplication for test class com.example.recipes.RecipesApplicationTests
13:15:03.306 [Test worker] DEBUG org.springframework.boot.test.context.SpringBootTestContextBootstrapper - @TestExecutionListeners is not present for class [com.example.recipes.RecipesApplicationTests]: using defaults.
13:15:03.306 [Test worker] INFO org.springframework.boot.test.context.SpringBootTestContextBootstrapper - Loaded default TestExecutionListener class names from location [META-INF/spring.factories]: [org.springframework.boot.test.autoconfigure.restdocs.RestDocsTestExecutionListener, org.springframework.boot.test.autoconfigure.web.client.MockRestServiceServerResetTestExecutionListener, org.springframework.boot.test.autoconfigure.web.servlet.MockMvcPrintOnlyOnFailureTestExecutionListener, org.springframework.boot.test.autoconfigure.web.servlet.WebDriverTestExecutionListener, org.springframework.boot.test.autoconfigure.webservices.client.MockWebServiceServerTestExecutionListener, org.springframework.boot.test.mock.mockito.MockitoTestExecutionListener, org.springframework.boot.test.mock.mockito.ResetMocksTestExecutionListener, org.springframework.test.context.web.ServletTestExecutionListener, org.springframework.test.context.support.DirtiesContextBeforeModesTestExecutionListener, org.springframework.test.context.event.ApplicationEventsTestExecutionListener, org.springframework.test.context.support.DependencyInjectionTestExecutionListener, org.springframework.test.context.support.DirtiesContextTestExecutionListener, org.springframework.test.context.transaction.TransactionalTestExecutionListener, org.springframework.test.context.jdbc.SqlScriptsTestExecutionListener, org.springframework.test.context.event.EventPublishingTestExecutionListener]
13:15:03.319 [Test worker] INFO org.springframework.boot.test.context.SpringBootTestContextBootstrapper - Using TestExecutionListeners: [org.springframework.test.context.web.ServletTestExecutionListener@160ac7fb, org.springframework.test.context.support.DirtiesContextBeforeModesTestExecutionListener@12bfd80d, org.springframework.test.context.event.ApplicationEventsTestExecutionListener@41925502, org.springframework.boot.test.mock.mockito.MockitoTestExecutionListener@13e3c1c7, org.springframework.boot.test.autoconfigure.SpringBootDependencyInjectionTestExecutionListener@5316e95f, org.springframework.test.context.support.DirtiesContextTestExecutionListener@3f053c80, org.springframework.test.context.transaction.TransactionalTestExecutionListener@6c6c5427, org.springframework.test.context.jdbc.SqlScriptsTestExecutionListener@618c5d94, org.springframework.test.context.event.EventPublishingTestExecutionListener@5b40ceb, org.springframework.boot.test.autoconfigure.restdocs.RestDocsTestExecutionListener@13c3c1e1, org.springframework.boot.test.autoconfigure.web.client.MockRestServiceServerResetTestExecutionListener@1d8062d2, org.springframework.boot.test.autoconfigure.web.servlet.MockMvcPrintOnlyOnFailureTestExecutionListener@1e63ec0b, org.springframework.boot.test.autoconfigure.web.servlet.WebDriverTestExecutionListener@3b956878, org.springframework.boot.test.autoconfigure.webservices.client.MockWebServiceServerTestExecutionListener@36546a22, org.springframework.boot.test.mock.mockito.ResetMocksTestExecutionListener@285c08c8]
13:15:03.322 [Test worker] DEBUG org.springframework.test.context.support.AbstractDirtiesContextTestExecutionListener - Before test class: context [DefaultTestContext@56c9bbd8 testClass = RecipesApplicationTests, testInstance = [null], testMethod = [null], testException = [null], mergedContextConfiguration = [WebMergedContextConfiguration@630cb4a4 testClass = RecipesApplicationTests, locations = '{}', classes = '{class com.example.recipes.RecipesApplication}', contextInitializerClasses = '[]', activeProfiles = '{}', propertySourceLocations = '{}', propertySourceProperties = '{org.springframework.boot.test.context.SpringBootTestContextBootstrapper=true}', contextCustomizers = set[org.springframework.boot.test.autoconfigure.actuate.metrics.MetricsExportContextCustomizerFactory$DisableMetricExportContextCustomizer@5a3bc7ed, org.springframework.boot.test.autoconfigure.properties.PropertyMappingContextCustomizer@0, org.springframework.boot.test.autoconfigure.web.servlet.WebDriverContextCustomizerFactory$Customizer@6c4980d3, org.springframework.boot.test.context.filter.ExcludeFilterContextCustomizer@38b27cdc, org.springframework.boot.test.json.DuplicateJsonObjectContextCustomizerFactory$DuplicateJsonObjectContextCustomizer@49c66ade, org.springframework.boot.test.mock.mockito.MockitoContextCustomizer@0, org.springframework.boot.test.web.client.TestRestTemplateContextCustomizer@5c44c582, org.springframework.boot.test.context.SpringBootTestArgs@1, org.springframework.boot.test.context.SpringBootTestWebEnvironment@5c671d7f], resourceBasePath = 'src/main/webapp', contextLoader = 'org.springframework.boot.test.context.SpringBootContextLoader', parent = [null]], attributes = map['org.springframework.test.context.web.ServletTestExecutionListener.activateListener' -> true]], class annotated with @DirtiesContext [false] with mode [null].
13:15:03.371 [Test worker] DEBUG org.springframework.boot.ApplicationServletEnvironment - Activating profiles []
13:15:03.372 [Test worker] DEBUG org.springframework.test.context.support.TestPropertySourceUtils - Adding inlined properties to environment: {spring.jmx.enabled=false, org.springframework.boot.test.context.SpringBootTestContextBootstrapper=true}

  .   ____          _            __ _ _
 /\\ / ___'_ __ _ _(_)_ __  __ _ \ \ \ \
( ( )\___ | '_ | '_| | '_ \/ _` | \ \ \ \
 \\/  ___)| |_)| | | | | || (_| |  ) ) ) )
  '  |____| .__|_| |_|_| |_\__, | / / / /
 =========|_|==============|___/=/_/_/_/
 :: Spring Boot ::                (v2.6.2)

2022-01-07 13:15:03.609  INFO 2285859 --- [    Test worker] c.e.recipes.RecipesApplicationTests      : Starting RecipesApplicationTests using Java 11.0.11 on apolo with PID 2285859 (started by root in /home/javier/proyectos/github/tutoriales/spring-jpa-graphql-ejemplo-javier/recipes)
2022-01-07 13:15:03.610  INFO 2285859 --- [    Test worker] c.e.recipes.RecipesApplicationTests      : No active profile set, falling back to default profiles: default
2022-01-07 13:15:04.222  INFO 2285859 --- [    Test worker] .s.d.r.c.RepositoryConfigurationDelegate : Bootstrapping Spring Data JPA repositories in DEFAULT mode.
2022-01-07 13:15:04.264  INFO 2285859 --- [    Test worker] .s.d.r.c.RepositoryConfigurationDelegate : Finished Spring Data repository scanning in 36 ms. Found 4 JPA repository interfaces.
2022-01-07 13:15:04.776  INFO 2285859 --- [    Test worker] com.zaxxer.hikari.HikariDataSource       : HikariPool-1 - Starting...
2022-01-07 13:15:05.086  INFO 2285859 --- [    Test worker] com.zaxxer.hikari.HikariDataSource       : HikariPool-1 - Start completed.
2022-01-07 13:15:05.147  INFO 2285859 --- [    Test worker] o.hibernate.jpa.internal.util.LogHelper  : HHH000204: Processing PersistenceUnitInfo [name: default]
2022-01-07 13:15:05.188  INFO 2285859 --- [    Test worker] org.hibernate.Version                    : HHH000412: Hibernate ORM core version 5.6.3.Final
2022-01-07 13:15:05.366  INFO 2285859 --- [    Test worker] o.hibernate.annotations.common.Version   : HCANN000001: Hibernate Commons Annotations {5.1.2.Final}
2022-01-07 13:15:05.455  INFO 2285859 --- [    Test worker] org.hibernate.dialect.Dialect            : HHH000400: Using dialect: org.hibernate.dialect.MySQL8Dialect
2022-01-07 13:15:06.075  INFO 2285859 --- [    Test worker] o.h.e.t.j.p.i.JtaPlatformInitiator       : HHH000490: Using JtaPlatform implementation: [org.hibernate.engine.transaction.jta.platform.internal.NoJtaPlatform]
2022-01-07 13:15:06.081  INFO 2285859 --- [    Test worker] j.LocalContainerEntityManagerFactoryBean : Initialized JPA EntityManagerFactory for persistence unit 'default'
2022-01-07 13:15:06.645  WARN 2285859 --- [    Test worker] JpaBaseConfiguration$JpaWebConfiguration : spring.jpa.open-in-view is enabled by default. Therefore, database queries may be performed during view rendering. Explicitly configure spring.jpa.open-in-view to disable this warning
2022-01-07 13:15:06.816  INFO 2285859 --- [    Test worker] .s.s.UserDetailsServiceAutoConfiguration : 

Using generated security password: b9beca15-ca7a-41eb-9a30-94974262c6ee

2022-01-07 13:15:07.165  INFO 2285859 --- [    Test worker] o.s.s.web.DefaultSecurityFilterChain     : Will secure any request with [org.springframework.security.web.context.request.async.WebAsyncManagerIntegrationFilter@3bf4b018, org.springframework.security.web.context.SecurityContextPersistenceFilter@623d222, org.springframework.security.web.header.HeaderWriterFilter@4645a575, org.springframework.web.filter.CorsFilter@d8cece4, org.springframework.security.web.authentication.logout.LogoutFilter@6c569caf, org.springframework.security.web.savedrequest.RequestCacheAwareFilter@d6879bf, org.springframework.security.web.servletapi.SecurityContextHolderAwareRequestFilter@44181746, org.springframework.security.web.authentication.AnonymousAuthenticationFilter@55d98bbb, org.springframework.security.web.session.SessionManagementFilter@629dfb5a, org.springframework.security.web.access.ExceptionTranslationFilter@38326fd5, org.springframework.security.web.access.intercept.FilterSecurityInterceptor@481f698f]
2022-01-07 13:15:07.549  INFO 2285859 --- [    Test worker] c.e.recipes.RecipesApplicationTests      : Started RecipesApplicationTests in 4.176 seconds (JVM running for 5.1)
2022-01-07 13:15:07.551  INFO 2285859 --- [    Test worker] com.example.recipes.RecipesApplication   : ********** INIT DATABASE ***********
2022-01-07 13:15:07.694  INFO 2285859 --- [    Test worker] com.example.recipes.RecipesApplication   : ********** API READY ***********
]]></system-out>
  <system-err><![CDATA[]]></system-err>
</testsuite>
