<?xml version="1.0" encoding="UTF-8"?>
<testsuite name="com.example.recipes.RepositoryTest" tests="2" skipped="0" failures="0" errors="0" timestamp="2022-01-07T12:15:07" hostname="apolo" time="0.246">
  <properties/>
  <testcase name="userRepoTest()" classname="com.example.recipes.RepositoryTest" time="0.21"/>
  <testcase name="rolesRepoTest()" classname="com.example.recipes.RepositoryTest" time="0.034"/>
  <system-out><![CDATA[2022-01-07 13:15:07.787  INFO 2285859 --- [    Test worker] .b.t.c.SpringBootTestContextBootstrapper : Neither @ContextConfiguration nor @ContextHierarchy found for test class [com.example.recipes.RepositoryTest], using SpringBootContextLoader
2022-01-07 13:15:07.787  INFO 2285859 --- [    Test worker] o.s.t.c.support.AbstractContextLoader    : Could not detect default resource locations for test class [com.example.recipes.RepositoryTest]: no resource found for suffixes {-context.xml, Context.groovy}.
2022-01-07 13:15:07.787  INFO 2285859 --- [    Test worker] t.c.s.AnnotationConfigContextLoaderUtils : Could not detect default configuration classes for test class [com.example.recipes.RepositoryTest]: RepositoryTest does not declare any static, non-private, non-final, nested classes annotated with @Configuration.
2022-01-07 13:15:07.788  INFO 2285859 --- [    Test worker] .b.t.c.SpringBootTestContextBootstrapper : Found @SpringBootConfiguration com.example.recipes.RecipesApplication for test class com.example.recipes.RepositoryTest
2022-01-07 13:15:07.790  INFO 2285859 --- [    Test worker] .b.t.c.SpringBootTestContextBootstrapper : Loaded default TestExecutionListener class names from location [META-INF/spring.factories]: [org.springframework.boot.test.autoconfigure.restdocs.RestDocsTestExecutionListener, org.springframework.boot.test.autoconfigure.web.client.MockRestServiceServerResetTestExecutionListener, org.springframework.boot.test.autoconfigure.web.servlet.MockMvcPrintOnlyOnFailureTestExecutionListener, org.springframework.boot.test.autoconfigure.web.servlet.WebDriverTestExecutionListener, org.springframework.boot.test.autoconfigure.webservices.client.MockWebServiceServerTestExecutionListener, org.springframework.boot.test.mock.mockito.MockitoTestExecutionListener, org.springframework.boot.test.mock.mockito.ResetMocksTestExecutionListener, org.springframework.test.context.web.ServletTestExecutionListener, org.springframework.test.context.support.DirtiesContextBeforeModesTestExecutionListener, org.springframework.test.context.event.ApplicationEventsTestExecutionListener, org.springframework.test.context.support.DependencyInjectionTestExecutionListener, org.springframework.test.context.support.DirtiesContextTestExecutionListener, org.springframework.test.context.transaction.TransactionalTestExecutionListener, org.springframework.test.context.jdbc.SqlScriptsTestExecutionListener, org.springframework.test.context.event.EventPublishingTestExecutionListener]
2022-01-07 13:15:07.790  INFO 2285859 --- [    Test worker] .b.t.c.SpringBootTestContextBootstrapper : Using TestExecutionListeners: [org.springframework.test.context.web.ServletTestExecutionListener@5eb89000, org.springframework.test.context.support.DirtiesContextBeforeModesTestExecutionListener@16b1b213, org.springframework.test.context.event.ApplicationEventsTestExecutionListener@77f1026e, org.springframework.boot.test.mock.mockito.MockitoTestExecutionListener@1df8c7f4, org.springframework.boot.test.autoconfigure.SpringBootDependencyInjectionTestExecutionListener@75a6cdb, org.springframework.test.context.support.DirtiesContextTestExecutionListener@1ce07709, org.springframework.test.context.transaction.TransactionalTestExecutionListener@637de489, org.springframework.test.context.jdbc.SqlScriptsTestExecutionListener@38614875, org.springframework.test.context.event.EventPublishingTestExecutionListener@6c09d716, org.springframework.boot.test.autoconfigure.restdocs.RestDocsTestExecutionListener@734eada1, org.springframework.boot.test.autoconfigure.web.client.MockRestServiceServerResetTestExecutionListener@7f9b46ed, org.springframework.boot.test.autoconfigure.web.servlet.MockMvcPrintOnlyOnFailureTestExecutionListener@4d0b8b8b, org.springframework.boot.test.autoconfigure.web.servlet.WebDriverTestExecutionListener@6f18445b, org.springframework.boot.test.autoconfigure.webservices.client.MockWebServiceServerTestExecutionListener@69bdcfbc, org.springframework.boot.test.mock.mockito.ResetMocksTestExecutionListener@4cb45048]
]]></system-out>
  <system-err><![CDATA[]]></system-err>
</testsuite>
